  IpEndpointName.cpp
c:\users\jon\documents\github\final-mocap-sportstutor\skeletonbasics-d2d\oscpack_1_1_0\ip\ipendpointname.cpp(53): warning C4996: 'sprintf': This function or variable may be unsafe. Consider using sprintf_s instead. To disable deprecation, use _CRT_SECURE_NO_WARNINGS. See online help for details.
  c:\program files (x86)\windows kits\10\include\10.0.15063.0\ucrt\stdio.h(1772): note: see declaration of 'sprintf'
c:\users\jon\documents\github\final-mocap-sportstutor\skeletonbasics-d2d\oscpack_1_1_0\ip\ipendpointname.cpp(55): warning C4996: 'sprintf': This function or variable may be unsafe. Consider using sprintf_s instead. To disable deprecation, use _CRT_SECURE_NO_WARNINGS. See online help for details.
  c:\program files (x86)\windows kits\10\include\10.0.15063.0\ucrt\stdio.h(1772): note: see declaration of 'sprintf'
c:\users\jon\documents\github\final-mocap-sportstutor\skeletonbasics-d2d\oscpack_1_1_0\ip\ipendpointname.cpp(68): warning C4996: 'sprintf': This function or variable may be unsafe. Consider using sprintf_s instead. To disable deprecation, use _CRT_SECURE_NO_WARNINGS. See online help for details.
  c:\program files (x86)\windows kits\10\include\10.0.15063.0\ucrt\stdio.h(1772): note: see declaration of 'sprintf'
c:\users\jon\documents\github\final-mocap-sportstutor\skeletonbasics-d2d\oscpack_1_1_0\ip\ipendpointname.cpp(70): warning C4996: 'sprintf': This function or variable may be unsafe. Consider using sprintf_s instead. To disable deprecation, use _CRT_SECURE_NO_WARNINGS. See online help for details.
  c:\program files (x86)\windows kits\10\include\10.0.15063.0\ucrt\stdio.h(1772): note: see declaration of 'sprintf'
c:\users\jon\documents\github\final-mocap-sportstutor\skeletonbasics-d2d\oscpack_1_1_0\ip\ipendpointname.cpp(78): warning C4996: 'sprintf': This function or variable may be unsafe. Consider using sprintf_s instead. To disable deprecation, use _CRT_SECURE_NO_WARNINGS. See online help for details.
  c:\program files (x86)\windows kits\10\include\10.0.15063.0\ucrt\stdio.h(1772): note: see declaration of 'sprintf'
c:\users\jon\documents\github\final-mocap-sportstutor\skeletonbasics-d2d\oscpack_1_1_0\ip\ipendpointname.cpp(80): warning C4996: 'sprintf': This function or variable may be unsafe. Consider using sprintf_s instead. To disable deprecation, use _CRT_SECURE_NO_WARNINGS. See online help for details.
  c:\program files (x86)\windows kits\10\include\10.0.15063.0\ucrt\stdio.h(1772): note: see declaration of 'sprintf'
  NetworkingUtils.cpp
c:\users\jon\documents\github\final-mocap-sportstutor\skeletonbasics-d2d\oscpack_1_1_0\ip\win32\networkingutils.cpp(87): warning C4996: 'gethostbyname': Use getaddrinfo() or GetAddrInfoW() instead or define _WINSOCK_DEPRECATED_NO_WARNINGS to disable deprecated API warnings
  c:\program files (x86)\windows kits\10\include\10.0.15063.0\um\winsock2.h(2218): note: see declaration of 'gethostbyname'
  UdpSocket.cpp
  OscOutboundPacketStream.cpp
c:\users\jon\documents\github\final-mocap-sportstutor\skeletonbasics-d2d\oscpack_1_1_0\osc\oscoutboundpacketstream.cpp(363): warning C4996: 'strcpy': This function or variable may be unsafe. Consider using strcpy_s instead. To disable deprecation, use _CRT_SECURE_NO_WARNINGS. See online help for details.
  c:\program files (x86)\windows kits\10\include\10.0.15063.0\ucrt\string.h(132): note: see declaration of 'strcpy'
c:\users\jon\documents\github\final-mocap-sportstutor\skeletonbasics-d2d\oscpack_1_1_0\osc\oscoutboundpacketstream.cpp(605): warning C4996: 'strcpy': This function or variable may be unsafe. Consider using strcpy_s instead. To disable deprecation, use _CRT_SECURE_NO_WARNINGS. See online help for details.
  c:\program files (x86)\windows kits\10\include\10.0.15063.0\ucrt\string.h(132): note: see declaration of 'strcpy'
c:\users\jon\documents\github\final-mocap-sportstutor\skeletonbasics-d2d\oscpack_1_1_0\osc\oscoutboundpacketstream.cpp(625): warning C4996: 'strcpy': This function or variable may be unsafe. Consider using strcpy_s instead. To disable deprecation, use _CRT_SECURE_NO_WARNINGS. See online help for details.
  c:\program files (x86)\windows kits\10\include\10.0.15063.0\ucrt\string.h(132): note: see declaration of 'strcpy'
  OscPrintReceivedElements.cpp
c:\users\jon\documents\github\final-mocap-sportstutor\skeletonbasics-d2d\oscpack_1_1_0\osc\oscprintreceivedelements.cpp(129): warning C4996: 'ctime': This function or variable may be unsafe. Consider using ctime_s instead. To disable deprecation, use _CRT_SECURE_NO_WARNINGS. See online help for details.
  c:\program files (x86)\windows kits\10\include\10.0.15063.0\ucrt\time.h(475): note: see declaration of 'ctime'
  OscReceivedElements.cpp
  OscTypes.cpp
  SkeletonBasics.cpp
c:\users\jon\documents\github\final-mocap-sportstutor\skeletonbasics-d2d\skeletonbasics.cpp(193): warning C4305: 'initializing': truncation from 'double' to 'float'
  Generating Code...
  SkeletonBasics-D2D.vcxproj -> C:\Users\Jon\Documents\GitHub\Final-MoCap-SportsTutor\SkeletonBasics-D2D\Debug\SkeletonBasics-D2D.exe
